<?xml version="1.0" encoding="UTF-8"?>
<!-- Generated by org.testng.reporters.JUnitXMLReporter -->
<testsuite hostname="LAPTOP-QSGCCT8E" ignored="0" name="Command line test" tests="4" failures="0" timestamp="02 Jan 2021 03:47:40 GMT" time="42.38" errors="0">
  <testcase name="homePageUserLabelValidationTest" time="0.275" classname="com.qa.crm.testcases.HomepageTest"/>
  <testcase name="loginPageUrlTest" time="0.013" classname="com.qa.crm.testcases.LoginpageTest"/>
  <testcase name="loginPageTitleTest" time="0.011" classname="com.qa.crm.testcases.LoginpageTest"/>
  <testcase name="loginFunctionalityTest" time="8.196" classname="com.qa.crm.testcases.LoginpageTest"/>
</testsuite> <!-- Command line test -->
